app/build/outputs/logs/manifest-merger-debug-report.txt
-- Merging decision tree log ---
manifest
ADDED from src\main\AndroidManifest.xml:2:1-37:12
	package
		ADDED from src\main\AndroidManifest.xml:3:5-24
		INJECTED from src\main\AndroidManifest.xml
		INJECTED from src\main\AndroidManifest.xml
	android:versionName
		ADDED from src\main\AndroidManifest.xml:5:5-30
	android:versionCode
		ADDED from src\main\AndroidManifest.xml:4:5-28
		INJECTED from src\main\AndroidManifest.xml
		INJECTED from src\main\AndroidManifest.xml
	xmlns:android
		ADDED from src\main\AndroidManifest.xml:2:11-69
uses-sdk
ADDED from src\main\AndroidManifest.xml:7:5-44
	android:targetSdkVersion
		INJECTED from src\main\AndroidManifest.xml
		INJECTED from src\main\AndroidManifest.xml
	android:minSdkVersion
		ADDED from src\main\AndroidManifest.xml:7:15-41
		INJECTED from src\main\AndroidManifest.xml
		INJECTED from src\main\AndroidManifest.xml
uses-permission#android.permission.READ_CONTACTS
ADDED from src\main\AndroidManifest.xml:8:2-69
	android:name
		ADDED from src\main\AndroidManifest.xml:8:19-66
uses-permission#android.permission.CALL_PHONE
ADDED from src\main\AndroidManifest.xml:9:2-66
	android:name
		ADDED from src\main\AndroidManifest.xml:9:19-63
uses-permission#android.permission.CAMERA
ADDED from src\main\AndroidManifest.xml:10:2-62
	android:name
		ADDED from src\main\AndroidManifest.xml:10:19-59
uses-permission#android.permission.READ_SMS
ADDED from src\main\AndroidManifest.xml:11:2-64
	android:name
		ADDED from src\main\AndroidManifest.xml:11:19-61
uses-permission#android.permission.WRITE_EXTERNAL_STORAGE
ADDED from src\main\AndroidManifest.xml:12:2-78
	android:name
		ADDED from src\main\AndroidManifest.xml:12:19-75
application
ADDED from src\main\AndroidManifest.xml:13:5-35:19
	android:label
		ADDED from src\main\AndroidManifest.xml:15:9-41
	android:icon
		ADDED from src\main\AndroidManifest.xml:14:9-49
activity#call.test.BCallTestActivity
ADDED from src\main\AndroidManifest.xml:16:9-24:20
	android:label
		ADDED from src\main\AndroidManifest.xml:18:13-45
	android:name
		ADDED from src\main\AndroidManifest.xml:17:13-46
intent-filter#android.intent.action.MAIN+android.intent.category.LAUNCHER
ADDED from src\main\AndroidManifest.xml:19:13-23:29
action#android.intent.action.MAIN
ADDED from src\main\AndroidManifest.xml:20:17-69
	android:name
		ADDED from src\main\AndroidManifest.xml:20:25-66
category#android.intent.category.LAUNCHER
ADDED from src\main\AndroidManifest.xml:22:17-77
	android:name
		ADDED from src\main\AndroidManifest.xml:22:27-74
activity#call.test.ContactList
ADDED from src\main\AndroidManifest.xml:25:9-58
	android:name
		ADDED from src\main\AndroidManifest.xml:25:19-46
activity#call.test.DialerPad
ADDED from src\main\AndroidManifest.xml:26:9-56
	android:name
		ADDED from src\main\AndroidManifest.xml:26:19-44
activity#call.test.GestureCall
ADDED from src\main\AndroidManifest.xml:27:9-58
	android:name
		ADDED from src\main\AndroidManifest.xml:27:19-46
activity#call.test.Extra
ADDED from src\main\AndroidManifest.xml:28:9-52
	android:name
		ADDED from src\main\AndroidManifest.xml:28:19-40
activity#call.test.MusicPlayer
ADDED from src\main\AndroidManifest.xml:29:9-58
	android:name
		ADDED from src\main\AndroidManifest.xml:29:19-46
activity#call.test.MessageReader
ADDED from src\main\AndroidManifest.xml:30:9-60
	android:name
		ADDED from src\main\AndroidManifest.xml:30:19-48
activity#call.test.PreferenceSet
ADDED from src\main\AndroidManifest.xml:31:9-60
	android:name
		ADDED from src\main\AndroidManifest.xml:31:19-48
activity#call.test.CreateGestureActivity
ADDED from src\main\AndroidManifest.xml:32:9-68
	android:name
		ADDED from src\main\AndroidManifest.xml:32:19-56
activity#call.test.GestureBuilderActivity
ADDED from src\main\AndroidManifest.xml:33:9-69
	android:name
		ADDED from src\main\AndroidManifest.xml:33:19-57
activity#call.test.GestureRecognition
ADDED from src\main\AndroidManifest.xml:34:9-65
	android:name
		ADDED from src\main\AndroidManifest.xml:34:19-53